--------------- Build Started: 01/03/2019 15:02:46 Project: BasicDMA, Configuration: ARM GCC 5.4-2016-q2-update Debug ---------------
The code generation step is up to date.
The compile step is up to date, no work needs to be done.
The link step is up to date, no work needs to be done.
arm-none-eabi-gcc.exe -mcpu=cortex-m4 -mfloat-abi=softfp -mfpu=fpv4-sp-d16 -mthumb -I. -IGenerated_Source\PSoC6 -IGenerated_Source\PSoC6\pdl\cmsis/include/ -IGenerated_Source\PSoC6\pdl\devices/psoc6/ip/ -IGenerated_Source\PSoC6\pdl\devices/psoc6/psoc63/include/ -IGenerated_Source\PSoC6\pdl\drivers/peripheral/ -IGenerated_Source\PSoC6\pdl\middleware/ -IGenerated_Source\PSoC6\pdl\utilities/ -Wa,-alh=.\CortexM4\ARM_GCC_541\Debug/main_cm4.lst -g -D DEBUG -D CY_CORE_ID=0 -D CY_PSOC_CREATOR_USED=1 -D CY8C6347BZI_BLD53 -Wall -ffunction-sections -ffat-lto-objects -Og -c main_cm4.c -o .\CortexM4\ARM_GCC_541\Debug\main_cm4.o
main_cm4.c: In function 'main':
main_cm4.c:77:27: warning: unused variable 'sysSpistatus' [-Wunused-variable]
     cy_en_sysint_status_t sysSpistatus;
                           ^
main_cm4.c:76:28: warning: variable 'initStatus' set but not used [-Wunused-but-set-variable]
     cy_en_scb_spi_status_t initStatus;
                            ^
arm-none-eabi-gcc.exe -Wl,--start-group -o "\\Mac\Home\Documents\PSoC Creator\WS2812\BasicDMA.cydsn\CortexM4\ARM_GCC_541\Debug\BasicDMA_link.elf" .\CortexM4\ARM_GCC_541\Debug\startup_psoc63_cm4.o .\CortexM4\ARM_GCC_541\Debug\main_cm4.o .\CortexM4\ARM_GCC_541\Debug\system_psoc63_cm4.o .\CortexM4\ARM_GCC_541\Debug\cy_ipc_config.o .\CortexM4\ARM_GCC_541\Debug\stdio_user.o .\CortexM4\ARM_GCC_541\Debug\cyfitter_sysint_cfg.o .\CortexM4\ARM_GCC_541\Debug\cymetadata.o .\CortexM4\ARM_GCC_541\Debug\SPI_1.o .\CortexM4\ARM_GCC_541\Debug\UART_1.o .\CortexM4\ARM_GCC_541\Debug\cy_sysint.o .\CortexM4\ARM_GCC_541\Debug\cy_ipc_drv.o .\CortexM4\ARM_GCC_541\Debug\cy_ipc_sema.o .\CortexM4\ARM_GCC_541\Debug\cy_ipc_pipe.o .\CortexM4\ARM_GCC_541\Debug\cy_sysclk.o .\CortexM4\ARM_GCC_541\Debug\cy_wdt.o .\CortexM4\ARM_GCC_541\Debug\cy_scb_common.o .\CortexM4\ARM_GCC_541\Debug\cy_scb_i2c.o .\CortexM4\ARM_GCC_541\Debug\cy_scb_ezi2c.o .\CortexM4\ARM_GCC_541\Debug\cy_scb_spi.o .\CortexM4\ARM_GCC_541\Debug\cy_scb_uart.o .\CortexM4\ARM_GCC_541\Debug\cy_efuse.o .\CortexM4\ARM_GCC_541\Debug\cy_flash.o .\CortexM4\ARM_GCC_541\Debug\cy_gpio.o .\CortexM4\ARM_GCC_541\Debug\cy_sysanalog.o .\CortexM4\ARM_GCC_541\Debug\cy_syspm.o .\CortexM4\ARM_GCC_541\Debug\cy_syslib.o .\CortexM4\ARM_GCC_541\Debug\cy_syslib_gcc.o .\CortexM4\ARM_GCC_541\Debug\cy_trigmux.o .\CortexM4\ARM_GCC_541\Debug\cy_systick.o .\CortexM4\ARM_GCC_541\Debug\cy_profile.o .\CortexM4\ARM_GCC_541\Debug\cy_prot.o .\CortexM4\ARM_GCC_541\Debug\cy_lvd.o .\CortexM4\ARM_GCC_541\Debug\cy_dma.o .\CortexM4\ARM_GCC_541\Debug\cy_ble_clk.o .\CortexM4\ARM_GCC_541\Debug\retarget.o .\CortexM4\ARM_GCC_541\Debug\txDma.o -mcpu=cortex-m4 -mfloat-abi=softfp -mfpu=fpv4-sp-d16 -mthumb -L Generated_Source\PSoC6 -Wl,-Map,.\CortexM4\ARM_GCC_541\Debug/BasicDMA.map -T cy8c6xx7_cm4_dual.ld -specs=nano.specs -Wl,--gc-sections -g -ffunction-sections -Og -ffat-lto-objects -Wl,--end-group
"C:\Program Files (x86)\Cypress\PDL\3.0.4\tools\win\elf\cymcuelftool.exe" --sign "\\Mac\Home\Documents\PSoC Creator\WS2812\BasicDMA.cydsn\CortexM4\ARM_GCC_541\Debug\BasicDMA_link.elf" --output "\\Mac\Home\Documents\PSoC Creator\WS2812\BasicDMA.cydsn\CortexM4\ARM_GCC_541\Debug\BasicDMA_signed.elf" --hex "\\Mac\Home\Documents\PSoC Creator\WS2812\BasicDMA.cydsn\CortexM4\ARM_GCC_541\Debug\BasicDMA_signed.hex"
No ELF section .cychecksum found, creating one
Application checksum calculated and stored in ELF section .cychecksum
Checksum calculated and stored in ELF section .cymeta
"C:\Program Files (x86)\Cypress\PDL\3.0.4\tools\win\elf\cymcuelftool.exe" --merge "\\Mac\Home\Documents\PSoC Creator\WS2812\BasicDMA.cydsn\CortexM4\ARM_GCC_541\Debug\BasicDMA_signed.elf" "\\Mac\Home\Documents\PSoC Creator\WS2812\BasicDMA.cydsn\CortexM0p\ARM_GCC_541\Debug\BasicDMA.elf" --output "\\Mac\Home\Documents\PSoC Creator\WS2812\BasicDMA.cydsn\CortexM4\ARM_GCC_541\Debug\BasicDMA.elf" --hex "\\Mac\Home\Documents\PSoC Creator\WS2812\BasicDMA.cydsn\CortexM4\ARM_GCC_541\Debug\BasicDMA.hex"
Application checksum calculated and stored in ELF section .cychecksum
Checksum calculated and stored in ELF section .cymeta
"C:\Program Files (x86)\Cypress\PDL\3.0.4\tools\win\elf\cymcuelftool.exe" -A "\\Mac\Home\Documents\PSoC Creator\WS2812\BasicDMA.cydsn\CortexM4\ARM_GCC_541\Debug\BasicDMA.elf"
code:24892	sram:2112
--------------- Build Succeeded: 01/03/2019 15:02:51 ---------------
